  [1m[35m (1.8ms)[0m  [1m[35mCREATE TABLE "schema_migrations" ("version" varchar NOT NULL PRIMARY KEY)[0m
  [1m[35m (0.4ms)[0m  [1m[35mCREATE TABLE "ar_internal_metadata" ("key" varchar NOT NULL PRIMARY KEY, "value" varchar, "created_at" datetime(6) NOT NULL, "updated_at" datetime(6) NOT NULL)[0m
  [1m[36mActiveRecord::InternalMetadata Load (0.1ms)[0m  [1m[34mSELECT * FROM "ar_internal_metadata" WHERE "ar_internal_metadata"."key" = ? ORDER BY "ar_internal_metadata"."key" ASC LIMIT 1[0m  [[nil, "environment"]]
  [1m[36mActiveRecord::InternalMetadata Create (0.3ms)[0m  [1m[32mINSERT INTO "ar_internal_metadata" ("key", "value", "created_at", "updated_at") VALUES ('environment', 'development', '2024-11-12 20:29:09.733312', '2024-11-12 20:29:09.733315') RETURNING "key"[0m
  [1m[36mActiveRecord::SchemaMigration Load (0.1ms)[0m  [1m[34mSELECT "schema_migrations"."version" FROM "schema_migrations" ORDER BY "schema_migrations"."version" ASC[0m
Migrating to CreateUsers (20241112202730)
  [1m[36mTRANSACTION (0.1ms)[0m  [1m[36mbegin transaction[0m
  [1m[35m (1.1ms)[0m  [1m[35mCREATE TABLE "users" ("id" integer PRIMARY KEY AUTOINCREMENT NOT NULL, "username" varchar, "email" varchar, "password_digest" varchar, "user_type" varchar, "college_name" varchar, "created_at" datetime(6) NOT NULL, "updated_at" datetime(6) NOT NULL)[0m
  [1m[36mActiveRecord::SchemaMigration Create (0.1ms)[0m  [1m[32mINSERT INTO "schema_migrations" ("version") VALUES ('20241112202730') RETURNING "version"[0m
  [1m[36mTRANSACTION (0.6ms)[0m  [1m[36mcommit transaction[0m
Migrating to CreateEvents (20241112202742)
  [1m[36mTRANSACTION (0.0ms)[0m  [1m[36mbegin transaction[0m
  [1m[35m (0.7ms)[0m  [1m[35mCREATE TABLE "events" ("id" integer PRIMARY KEY AUTOINCREMENT NOT NULL, "title" varchar, "description" text, "location" varchar, "start_time" datetime(6), "end_time" datetime(6), "status" varchar, "creator" varchar, "created_at" datetime(6) NOT NULL, "updated_at" datetime(6) NOT NULL)[0m
  [1m[36mActiveRecord::SchemaMigration Create (0.0ms)[0m  [1m[32mINSERT INTO "schema_migrations" ("version") VALUES ('20241112202742') RETURNING "version"[0m
  [1m[36mTRANSACTION (0.7ms)[0m  [1m[36mcommit transaction[0m
Migrating to CreateFlags (20241112202801)
  [1m[36mTRANSACTION (0.1ms)[0m  [1m[36mbegin transaction[0m
  [1m[35m (1.0ms)[0m  [1m[35mCREATE TABLE "flags" ("id" integer PRIMARY KEY AUTOINCREMENT NOT NULL, "reason" varchar, "description" text, "flagged_by" varchar, "flagged_at" datetime(6), "created_at" datetime(6) NOT NULL, "updated_at" datetime(6) NOT NULL)[0m
  [1m[36mActiveRecord::SchemaMigration Create (0.1ms)[0m  [1m[32mINSERT INTO "schema_migrations" ("version") VALUES ('20241112202801') RETURNING "version"[0m
  [1m[36mTRANSACTION (0.5ms)[0m  [1m[36mcommit transaction[0m
  [1m[36mActiveRecord::SchemaMigration Load (0.1ms)[0m  [1m[34mSELECT "schema_migrations"."version" FROM "schema_migrations" ORDER BY "schema_migrations"."version" ASC[0m
  [1m[36mTRANSACTION (0.1ms)[0m  [1m[36mbegin transaction[0m
  [1m[36mUser Create (2.7ms)[0m  [1m[32mINSERT INTO "users" ("username", "email", "password_digest", "user_type", "college_name", "created_at", "updated_at") VALUES (?, ?, ?, ?, ?, ?, ?) RETURNING "id"[0m  [["username", "testuser"], ["email", "test@example.com"], ["password_digest", "[FILTERED]"], ["user_type", "student"], ["college_name", "MSU Denver"], ["created_at", "2024-11-12 20:37:30.505439"], ["updated_at", "2024-11-12 20:37:30.505439"]]
  [1m[36mTRANSACTION (1.3ms)[0m  [1m[36mcommit transaction[0m
  [1m[36mTRANSACTION (0.1ms)[0m  [1m[36mbegin transaction[0m
  [1m[36mEvent Create (1.5ms)[0m  [1m[32mINSERT INTO "events" ("title", "description", "location", "start_time", "end_time", "status", "creator", "created_at", "updated_at") VALUES (?, ?, ?, ?, ?, ?, ?, ?, ?) RETURNING "id"[0m  [["title", "Campus Fair"], ["description", "An exciting campus event."], ["location", "Main Hall"], ["start_time", "2024-11-12 20:37:41.727821"], ["end_time", "2024-11-12 22:37:41.728337"], ["status", "active"], ["creator", "1"], ["created_at", "2024-11-12 20:37:41.750821"], ["updated_at", "2024-11-12 20:37:41.750821"]]
  [1m[36mTRANSACTION (0.6ms)[0m  [1m[36mcommit transaction[0m
  [1m[36mTRANSACTION (0.1ms)[0m  [1m[36mbegin transaction[0m
  [1m[36mFlag Create (1.7ms)[0m  [1m[32mINSERT INTO "flags" ("reason", "description", "flagged_by", "flagged_at", "created_at", "updated_at") VALUES (?, ?, ?, ?, ?, ?) RETURNING "id"[0m  [["reason", "inappropriate"], ["description", "This event seems out of line."], ["flagged_by", "1"], ["flagged_at", "2024-11-12 20:37:52.675969"], ["created_at", "2024-11-12 20:37:52.706977"], ["updated_at", "2024-11-12 20:37:52.706977"]]
  [1m[36mTRANSACTION (0.6ms)[0m  [1m[36mcommit transaction[0m
